MapDemo/app/build/intermediates/manifest_merge_blame_file/debug/manifest-merger-blame-debug-report.txt
1<?xml version="1.0" encoding="utf-8"?>
2<manifest xmlns:android="http://schemas.android.com/apk/res/android"
3    package="edu.sjsu.android.mapdemo"
4    android:versionCode="1"
5    android:versionName="1.0" >
6
7    <uses-sdk
8        android:minSdkVersion="14"
8-->src/main/AndroidManifest.xml
9        android:targetSdkVersion="30" />
9-->src/main/AndroidManifest.xml
10
11    <permission
11-->src/main/AndroidManifest.xml:5:5-7:47
12        android:name="edu.sjsu.android.mapdemo.permission.MAP_RECEIVE"
12-->src/main/AndroidManifest.xml:6:9-71
13        android:protectionLevel="signature" />
13-->src/main/AndroidManifest.xml:7:9-44
14
15    <uses-permission android:name="edu.sjsu.android.mapdemo.permission.MAP_RECEIVE" />
15-->src/main/AndroidManifest.xml:9:5-87
15-->src/main/AndroidManifest.xml:9:22-84
16    <uses-permission android:name="android.permission.INTERNET" />
16-->src/main/AndroidManifest.xml:10:5-67
16-->src/main/AndroidManifest.xml:10:22-64
17    <uses-permission android:name="android.permission.ACCESS_NETWORK_STATE" />
17-->src/main/AndroidManifest.xml:11:5-79
17-->src/main/AndroidManifest.xml:11:22-76
18    <uses-permission android:name="android.permission.WRITE_EXTERNAL_STORAGE" />
18-->src/main/AndroidManifest.xml:12:5-81
18-->src/main/AndroidManifest.xml:12:22-78
19    <uses-permission android:name="android.permission.ACCESS_FINE_LOCATION" />
19-->src/main/AndroidManifest.xml:14:5-79
19-->src/main/AndroidManifest.xml:14:22-76
20    <uses-permission android:name="android.permission.ACCESS_COARSE_LOCATION" />
20-->src/main/AndroidManifest.xml:15:5-81
20-->src/main/AndroidManifest.xml:15:22-78
21
22    <uses-feature
22-->src/main/AndroidManifest.xml:17:5-19:35
23        android:glEsVersion="0x00020000"
23-->src/main/AndroidManifest.xml:18:9-41
24        android:required="true" />
24-->src/main/AndroidManifest.xml:19:9-32
25
26    <!-- Optional permission for Analytics to run. -->
27    <uses-permission android:name="android.permission.WAKE_LOCK" /> <!-- Required by older versions of Google Play services to create GCM registration tokens -->
27-->[com.google.android.gms:play-services-analytics:12.0.1] AndroidManifest.xml:27:5-68
27-->[com.google.android.gms:play-services-analytics:12.0.1] AndroidManifest.xml:27:22-65
28    <uses-permission android:name="com.google.android.c2dm.permission.RECEIVE" />
28-->[com.google.android.gms:play-services-gcm:12.0.1] AndroidManifest.xml:23:5-82
28-->[com.google.android.gms:play-services-gcm:12.0.1] AndroidManifest.xml:23:22-79
29
30    <permission
30-->[com.google.firebase:firebase-iid:12.0.1] AndroidManifest.xml:28:5-30:47
31        android:name="edu.sjsu.android.mapdemo.permission.C2D_MESSAGE"
31-->[com.google.firebase:firebase-iid:12.0.1] AndroidManifest.xml:29:9-63
32        android:protectionLevel="signature" />
32-->[com.google.firebase:firebase-iid:12.0.1] AndroidManifest.xml:30:9-44
33
34    <uses-permission android:name="edu.sjsu.android.mapdemo.permission.C2D_MESSAGE" />
34-->[com.google.firebase:firebase-iid:12.0.1] AndroidManifest.xml:32:5-79
34-->[com.google.firebase:firebase-iid:12.0.1] AndroidManifest.xml:32:22-76
35
36    <application
36-->src/main/AndroidManifest.xml:21:5-50:19
37        android:name="androidx.multidex.MultiDexApplication"
38        android:allowBackup="true"
38-->src/main/AndroidManifest.xml:22:9-35
39        android:appComponentFactory="androidx.core.app.CoreComponentFactory"
39-->[androidx.core:core:1.3.1] AndroidManifest.xml:24:18-86
40        android:debuggable="true"
41        android:icon="@mipmap/ic_launcher"
41-->src/main/AndroidManifest.xml:23:9-43
42        android:label="@string/app_name"
42-->src/main/AndroidManifest.xml:24:9-41
43        android:roundIcon="@mipmap/ic_launcher_round"
43-->src/main/AndroidManifest.xml:25:9-54
44        android:supportsRtl="true"
44-->src/main/AndroidManifest.xml:26:9-35
45        android:testOnly="true"
46        android:theme="@style/AppTheme" >
46-->src/main/AndroidManifest.xml:27:9-40
47        <activity android:name="edu.sjsu.android.mapdemo.MainActivity" >
47-->src/main/AndroidManifest.xml:28:9-34:20
47-->src/main/AndroidManifest.xml:28:19-47
48            <intent-filter>
48-->src/main/AndroidManifest.xml:29:13-33:29
49                <action android:name="android.intent.action.MAIN" />
49-->src/main/AndroidManifest.xml:30:17-69
49-->src/main/AndroidManifest.xml:30:25-66
50
51                <category android:name="android.intent.category.LAUNCHER" />
51-->src/main/AndroidManifest.xml:32:17-77
51-->src/main/AndroidManifest.xml:32:27-74
52            </intent-filter>
53        </activity>
54
55        <meta-data
55-->src/main/AndroidManifest.xml:36:9-38:69
56            android:name="com.google.android.gms.version"
56-->src/main/AndroidManifest.xml:37:13-58
57            android:value="@integer/google_play_services_version" />
57-->src/main/AndroidManifest.xml:38:13-66
58        <meta-data
58-->src/main/AndroidManifest.xml:39:9-41:55
59            android:name="com.google.android.maps.v2.API_KEY"
59-->src/main/AndroidManifest.xml:40:13-62
60            android:value="@string/google_maps_key" />
60-->src/main/AndroidManifest.xml:41:13-52
61
62        <uses-library
62-->src/main/AndroidManifest.xml:42:9-44:40
63            android:name="org.apache.http.legacy"
63-->src/main/AndroidManifest.xml:43:13-50
64            android:required="false" />
64-->src/main/AndroidManifest.xml:44:13-37
65
66        <provider
66-->src/main/AndroidManifest.xml:46:9-49:40
67            android:name="edu.sjsu.android.mapdemo.LocationContentProvider"
67-->src/main/AndroidManifest.xml:47:13-52
68            android:authorities="edu.sjsu.android.mapdemo.Map"
68-->src/main/AndroidManifest.xml:48:13-63
69            android:exported="false" />
69-->src/main/AndroidManifest.xml:49:13-37
70
71        <receiver android:name="com.google.android.gms.cast.framework.media.MediaIntentReceiver" />
71-->[com.google.android.gms:play-services-cast-framework:12.0.1] AndroidManifest.xml:8:9-100
71-->[com.google.android.gms:play-services-cast-framework:12.0.1] AndroidManifest.xml:8:19-97
72
73        <service android:name="com.google.android.gms.cast.framework.media.MediaNotificationService" />
73-->[com.google.android.gms:play-services-cast-framework:12.0.1] AndroidManifest.xml:10:9-104
73-->[com.google.android.gms:play-services-cast-framework:12.0.1] AndroidManifest.xml:10:18-101
74        <service android:name="com.google.android.gms.cast.framework.ReconnectionService" /> <!-- Include the AdActivity and InAppPurchaseActivity configChanges and themes. -->
74-->[com.google.android.gms:play-services-cast-framework:12.0.1] AndroidManifest.xml:11:9-93
74-->[com.google.android.gms:play-services-cast-framework:12.0.1] AndroidManifest.xml:11:18-90
75        <activity
75-->[com.google.android.gms:play-services-ads-lite:12.0.1] AndroidManifest.xml:29:9-33:64
76            android:name="com.google.android.gms.ads.AdActivity"
76-->[com.google.android.gms:play-services-ads-lite:12.0.1] AndroidManifest.xml:30:13-65
77            android:configChanges="keyboard|keyboardHidden|orientation|screenLayout|uiMode|screenSize|smallestScreenSize"
77-->[com.google.android.gms:play-services-ads-lite:12.0.1] AndroidManifest.xml:31:13-122
78            android:exported="false"
78-->[com.google.android.gms:play-services-ads-lite:12.0.1] AndroidManifest.xml:32:13-37
79            android:theme="@android:style/Theme.Translucent" />
79-->[com.google.android.gms:play-services-ads-lite:12.0.1] AndroidManifest.xml:33:13-61
80
81        <receiver
81-->[com.google.android.gms:play-services-analytics:12.0.1] AndroidManifest.xml:30:9-34:20
82            android:name="com.google.android.gms.analytics.AnalyticsReceiver"
82-->[com.google.android.gms:play-services-analytics:12.0.1] AndroidManifest.xml:31:13-78
83            android:enabled="true"
83-->[com.google.android.gms:play-services-analytics:12.0.1] AndroidManifest.xml:32:13-35
84            android:exported="false" >
84-->[com.google.android.gms:play-services-analytics:12.0.1] AndroidManifest.xml:33:13-37
85        </receiver>
86
87        <service
87-->[com.google.android.gms:play-services-analytics:12.0.1] AndroidManifest.xml:36:9-39:40
88            android:name="com.google.android.gms.analytics.AnalyticsService"
88-->[com.google.android.gms:play-services-analytics:12.0.1] AndroidManifest.xml:37:13-77
89            android:enabled="true"
89-->[com.google.android.gms:play-services-analytics:12.0.1] AndroidManifest.xml:38:13-35
90            android:exported="false" />
90-->[com.google.android.gms:play-services-analytics:12.0.1] AndroidManifest.xml:39:13-37
91        <service
91-->[com.google.android.gms:play-services-analytics:12.0.1] AndroidManifest.xml:40:9-44:72
92            android:name="com.google.android.gms.analytics.AnalyticsJobService"
92-->[com.google.android.gms:play-services-analytics:12.0.1] AndroidManifest.xml:41:13-80
93            android:enabled="true"
93-->[com.google.android.gms:play-services-analytics:12.0.1] AndroidManifest.xml:42:13-35
94            android:exported="false"
94-->[com.google.android.gms:play-services-analytics:12.0.1] AndroidManifest.xml:43:13-37
95            android:permission="android.permission.BIND_JOB_SERVICE" />
95-->[com.google.android.gms:play-services-analytics:12.0.1] AndroidManifest.xml:44:13-69
96
97        <activity
97-->[com.google.android.gms:play-services-appinvite:12.0.1] AndroidManifest.xml:25:9-34:20
98            android:name="com.google.android.gms.appinvite.PreviewActivity"
98-->[com.google.android.gms:play-services-appinvite:12.0.1] AndroidManifest.xml:26:13-76
99            android:exported="true"
99-->[com.google.android.gms:play-services-appinvite:12.0.1] AndroidManifest.xml:27:13-36
100            android:theme="@style/Theme.AppInvite.Preview" >
100-->[com.google.android.gms:play-services-appinvite:12.0.1] AndroidManifest.xml:28:13-59
101            <intent-filter>
101-->[com.google.android.gms:play-services-appinvite:12.0.1] AndroidManifest.xml:29:13-33:29
102                <action android:name="com.google.android.gms.appinvite.ACTION_PREVIEW" />
102-->[com.google.android.gms:play-services-appinvite:12.0.1] AndroidManifest.xml:30:17-90
102-->[com.google.android.gms:play-services-appinvite:12.0.1] AndroidManifest.xml:30:25-87
103
104                <category android:name="android.intent.category.DEFAULT" />
104-->[com.google.android.gms:play-services-appinvite:12.0.1] AndroidManifest.xml:32:17-76
104-->[com.google.android.gms:play-services-appinvite:12.0.1] AndroidManifest.xml:32:27-73
105            </intent-filter>
106        </activity>
107        <activity
107-->[com.google.android.gms:play-services-auth:12.0.1] AndroidManifest.xml:23:9-27:75
108            android:name="com.google.android.gms.auth.api.signin.internal.SignInHubActivity"
108-->[com.google.android.gms:play-services-auth:12.0.1] AndroidManifest.xml:24:13-93
109            android:excludeFromRecents="true"
109-->[com.google.android.gms:play-services-auth:12.0.1] AndroidManifest.xml:25:13-46
110            android:exported="false"
110-->[com.google.android.gms:play-services-auth:12.0.1] AndroidManifest.xml:26:13-37
111            android:theme="@android:style/Theme.Translucent.NoTitleBar" />
111-->[com.google.android.gms:play-services-auth:12.0.1] AndroidManifest.xml:27:13-72
112        <!--
113            Service handling Google Sign-In user revocation. For apps that do not integrate with
114            Google Sign-In, this service will never be started.
115        -->
116        <service
116-->[com.google.android.gms:play-services-auth:12.0.1] AndroidManifest.xml:33:9-36:110
117            android:name="com.google.android.gms.auth.api.signin.RevocationBoundService"
117-->[com.google.android.gms:play-services-auth:12.0.1] AndroidManifest.xml:34:13-89
118            android:exported="true"
118-->[com.google.android.gms:play-services-auth:12.0.1] AndroidManifest.xml:35:13-36
119            android:permission="com.google.android.gms.auth.api.signin.permission.REVOCATION_NOTIFICATION" />
119-->[com.google.android.gms:play-services-auth:12.0.1] AndroidManifest.xml:36:13-107
120
121        <activity
121-->[com.google.firebase:firebase-auth:12.0.1] AndroidManifest.xml:23:9-29:75
122            android:name="com.google.firebase.auth.internal.FederatedSignInActivity"
122-->[com.google.firebase:firebase-auth:12.0.1] AndroidManifest.xml:24:13-85
123            android:excludeFromRecents="true"
123-->[com.google.firebase:firebase-auth:12.0.1] AndroidManifest.xml:25:13-46
124            android:exported="true"
124-->[com.google.firebase:firebase-auth:12.0.1] AndroidManifest.xml:26:13-36
125            android:launchMode="singleInstance"
125-->[com.google.firebase:firebase-auth:12.0.1] AndroidManifest.xml:27:13-48
126            android:permission="com.google.firebase.auth.api.gms.permission.LAUNCH_FEDERATED_SIGN_IN"
126-->[com.google.firebase:firebase-auth:12.0.1] AndroidManifest.xml:28:13-102
127            android:theme="@android:style/Theme.Translucent.NoTitleBar" />
127-->[com.google.firebase:firebase-auth:12.0.1] AndroidManifest.xml:29:13-72
128        <activity
128-->[com.google.android.gms:play-services-base:12.0.1] AndroidManifest.xml:23:9-26:75
129            android:name="com.google.android.gms.common.api.GoogleApiActivity"
129-->[com.google.android.gms:play-services-base:12.0.1] AndroidManifest.xml:24:13-79
130            android:exported="false"
130-->[com.google.android.gms:play-services-base:12.0.1] AndroidManifest.xml:25:13-37
131            android:theme="@android:style/Theme.Translucent.NoTitleBar" />
131-->[com.google.android.gms:play-services-base:12.0.1] AndroidManifest.xml:26:13-72
132        <!--
133             FirebaseMessagingService performs security checks at runtime,
134             no need for explicit permissions despite exported="true"
135        -->
136        <service
136-->[com.google.firebase:firebase-messaging:12.0.1] AndroidManifest.xml:28:9-34:19
137            android:name="com.google.firebase.messaging.FirebaseMessagingService"
137-->[com.google.firebase:firebase-messaging:12.0.1] AndroidManifest.xml:29:13-82
138            android:exported="true" >
138-->[com.google.firebase:firebase-messaging:12.0.1] AndroidManifest.xml:30:13-36
139            <intent-filter android:priority="-500" >
139-->[com.google.firebase:firebase-messaging:12.0.1] AndroidManifest.xml:31:13-33:29
139-->[com.google.firebase:firebase-messaging:12.0.1] AndroidManifest.xml:31:28-51
140                <action android:name="com.google.firebase.MESSAGING_EVENT" />
140-->[com.google.firebase:firebase-messaging:12.0.1] AndroidManifest.xml:32:17-78
140-->[com.google.firebase:firebase-messaging:12.0.1] AndroidManifest.xml:32:25-75
141            </intent-filter>
142        </service>
143        <service
143-->[com.google.android.gms:play-services-tagmanager-api:12.0.1] AndroidManifest.xml:27:9-30:40
144            android:name="com.google.android.gms.tagmanager.TagManagerService"
144-->[com.google.android.gms:play-services-tagmanager-api:12.0.1] AndroidManifest.xml:28:13-79
145            android:enabled="true"
145-->[com.google.android.gms:play-services-tagmanager-api:12.0.1] AndroidManifest.xml:29:13-35
146            android:exported="false" />
146-->[com.google.android.gms:play-services-tagmanager-api:12.0.1] AndroidManifest.xml:30:13-37
147
148        <activity
148-->[com.google.android.gms:play-services-tagmanager-api:12.0.1] AndroidManifest.xml:32:9-44:20
149            android:name="com.google.android.gms.tagmanager.TagManagerPreviewActivity"
149-->[com.google.android.gms:play-services-tagmanager-api:12.0.1] AndroidManifest.xml:33:13-87
150            android:exported="true"
150-->[com.google.android.gms:play-services-tagmanager-api:12.0.1] AndroidManifest.xml:34:13-36
151            android:noHistory="true" > <!-- optional, removes the previewActivity from the activity stack. -->
151-->[com.google.android.gms:play-services-tagmanager-api:12.0.1] AndroidManifest.xml:35:13-37
152            <intent-filter>
152-->[com.google.android.gms:play-services-tagmanager-api:12.0.1] AndroidManifest.xml:36:13-43:29
153                <data android:scheme="tagmanager.c.edu.sjsu.android.mapdemo" />
153-->[com.google.android.gms:play-services-tagmanager-api:12.0.1] AndroidManifest.xml:37:17-72
153-->[com.google.android.gms:play-services-tagmanager-api:12.0.1] AndroidManifest.xml:37:23-69
154
155                <action android:name="android.intent.action.VIEW" />
155-->[com.google.android.gms:play-services-tagmanager-api:12.0.1] AndroidManifest.xml:39:17-69
155-->[com.google.android.gms:play-services-tagmanager-api:12.0.1] AndroidManifest.xml:39:25-66
156
157                <category android:name="android.intent.category.DEFAULT" />
157-->[com.google.android.gms:play-services-appinvite:12.0.1] AndroidManifest.xml:32:17-76
157-->[com.google.android.gms:play-services-appinvite:12.0.1] AndroidManifest.xml:32:27-73
158                <category android:name="android.intent.category.BROWSABLE" />
158-->[com.google.android.gms:play-services-tagmanager-api:12.0.1] AndroidManifest.xml:42:17-78
158-->[com.google.android.gms:play-services-tagmanager-api:12.0.1] AndroidManifest.xml:42:27-75
159            </intent-filter>
160        </activity>
161
162        <receiver
162-->[com.google.firebase:firebase-analytics:12.0.1] AndroidManifest.xml:28:9-32:20
163            android:name="com.google.android.gms.measurement.AppMeasurementReceiver"
163-->[com.google.firebase:firebase-analytics:12.0.1] AndroidManifest.xml:29:13-85
164            android:enabled="true"
164-->[com.google.firebase:firebase-analytics:12.0.1] AndroidManifest.xml:30:13-35
165            android:exported="false" >
165-->[com.google.firebase:firebase-analytics:12.0.1] AndroidManifest.xml:31:13-37
166        </receiver>
167        <receiver
167-->[com.google.firebase:firebase-analytics:12.0.1] AndroidManifest.xml:33:9-41:20
168            android:name="com.google.android.gms.measurement.AppMeasurementInstallReferrerReceiver"
168-->[com.google.firebase:firebase-analytics:12.0.1] AndroidManifest.xml:34:13-100
169            android:enabled="true"
169-->[com.google.firebase:firebase-analytics:12.0.1] AndroidManifest.xml:35:13-35
170            android:exported="true"
170-->[com.google.firebase:firebase-analytics:12.0.1] AndroidManifest.xml:36:13-36
171            android:permission="android.permission.INSTALL_PACKAGES" >
171-->[com.google.firebase:firebase-analytics:12.0.1] AndroidManifest.xml:37:13-69
172            <intent-filter>
172-->[com.google.firebase:firebase-analytics:12.0.1] AndroidManifest.xml:38:13-40:29
173                <action android:name="com.android.vending.INSTALL_REFERRER" />
173-->[com.google.firebase:firebase-analytics:12.0.1] AndroidManifest.xml:39:17-79
173-->[com.google.firebase:firebase-analytics:12.0.1] AndroidManifest.xml:39:25-76
174            </intent-filter>
175        </receiver>
176
177        <service
177-->[com.google.firebase:firebase-analytics:12.0.1] AndroidManifest.xml:43:9-46:40
178            android:name="com.google.android.gms.measurement.AppMeasurementService"
178-->[com.google.firebase:firebase-analytics:12.0.1] AndroidManifest.xml:44:13-84
179            android:enabled="true"
179-->[com.google.firebase:firebase-analytics:12.0.1] AndroidManifest.xml:45:13-35
180            android:exported="false" />
180-->[com.google.firebase:firebase-analytics:12.0.1] AndroidManifest.xml:46:13-37
181        <service
181-->[com.google.firebase:firebase-analytics:12.0.1] AndroidManifest.xml:47:9-51:72
182            android:name="com.google.android.gms.measurement.AppMeasurementJobService"
182-->[com.google.firebase:firebase-analytics:12.0.1] AndroidManifest.xml:48:13-87
183            android:enabled="true"
183-->[com.google.firebase:firebase-analytics:12.0.1] AndroidManifest.xml:49:13-35
184            android:exported="false"
184-->[com.google.firebase:firebase-analytics:12.0.1] AndroidManifest.xml:50:13-37
185            android:permission="android.permission.BIND_JOB_SERVICE" />
185-->[com.google.firebase:firebase-analytics:12.0.1] AndroidManifest.xml:51:13-69
186
187        <receiver
187-->[com.google.firebase:firebase-iid:12.0.1] AndroidManifest.xml:35:9-44:20
188            android:name="com.google.firebase.iid.FirebaseInstanceIdReceiver"
188-->[com.google.firebase:firebase-iid:12.0.1] AndroidManifest.xml:36:13-78
189            android:exported="true"
189-->[com.google.firebase:firebase-iid:12.0.1] AndroidManifest.xml:37:13-36
190            android:permission="com.google.android.c2dm.permission.SEND" >
190-->[com.google.firebase:firebase-iid:12.0.1] AndroidManifest.xml:38:13-73
191            <intent-filter>
191-->[com.google.firebase:firebase-iid:12.0.1] AndroidManifest.xml:39:13-43:29
192                <action android:name="com.google.android.c2dm.intent.RECEIVE" />
192-->[com.google.firebase:firebase-iid:12.0.1] AndroidManifest.xml:40:17-81
192-->[com.google.firebase:firebase-iid:12.0.1] AndroidManifest.xml:40:25-78
193
194                <category android:name="edu.sjsu.android.mapdemo" />
194-->[com.google.firebase:firebase-iid:12.0.1] AndroidManifest.xml:42:17-61
194-->[com.google.firebase:firebase-iid:12.0.1] AndroidManifest.xml:42:27-58
195            </intent-filter>
196        </receiver>
197        <!--
198             FirebaseInstanceIdService performs security checks at runtime,
199             no need for explicit permissions despite exported="true"
200        -->
201        <service
201-->[com.google.firebase:firebase-iid:12.0.1] AndroidManifest.xml:50:9-56:19
202            android:name="com.google.firebase.iid.FirebaseInstanceIdService"
202-->[com.google.firebase:firebase-iid:12.0.1] AndroidManifest.xml:51:13-77
203            android:exported="true" >
203-->[com.google.firebase:firebase-iid:12.0.1] AndroidManifest.xml:52:13-36
204            <intent-filter android:priority="-500" >
204-->[com.google.firebase:firebase-iid:12.0.1] AndroidManifest.xml:53:13-55:29
204-->[com.google.firebase:firebase-iid:12.0.1] AndroidManifest.xml:53:28-51
205                <action android:name="com.google.firebase.INSTANCE_ID_EVENT" />
205-->[com.google.firebase:firebase-iid:12.0.1] AndroidManifest.xml:54:17-80
205-->[com.google.firebase:firebase-iid:12.0.1] AndroidManifest.xml:54:25-77
206            </intent-filter>
207        </service>
208
209        <provider
209-->[com.google.firebase:firebase-common:12.0.1] AndroidManifest.xml:8:9-12:39
210            android:name="com.google.firebase.provider.FirebaseInitProvider"
210-->[com.google.firebase:firebase-common:12.0.1] AndroidManifest.xml:9:13-77
211            android:authorities="edu.sjsu.android.mapdemo.firebaseinitprovider"
211-->[com.google.firebase:firebase-common:12.0.1] AndroidManifest.xml:10:13-72
212            android:exported="false"
212-->[com.google.firebase:firebase-common:12.0.1] AndroidManifest.xml:11:13-37
213            android:initOrder="100" />
213-->[com.google.firebase:firebase-common:12.0.1] AndroidManifest.xml:12:13-36
214    </application>
215
216</manifest>